{"name": "Go navbar link bug", "status": "skipped", "statusDetails": {"message": "XFAIL\n\nselenium.common.exceptions.TimeoutException: Message:", "trace": "self = <ui.tests.main_page_tests.TestMainPage object at 0x7f12ff9c5490>\nregister_page = <ui.pages.register_page.RegisterPage object at 0x7f12ff7bc6d0>\nmain_page = <ui.pages.main_page.MainPage object at 0x7f12ff9d39a0>\nlink_name = <NavbarLinksNames.WIRESHARK_NEWS: (7,)>\n\n    @allure.epic('UI tests')\n    @allure.title('Go navbar link bug')\n    @pytest.mark.nologin\n    @pytest.mark.xfail\n    @pytest.mark.parametrize(\"link_name\", [\n        NavbarLinksNames.PYTHON_HISTORY,\n        NavbarLinksNames.FLASK,\n        NavbarLinksNames.CENTOS,\n        NavbarLinksNames.WIRESHARK_NEWS,\n        NavbarLinksNames.WIRESHARK_DOWNLOAD,\n        NavbarLinksNames.TCPDUMP_EXAMPLES])\n    def test_go_navbar_link_bug(self, register_page, main_page, link_name):\n        data = register_page.fake_invalid_user_data(surname='a' * 255)\n>       main_page = register_page.register(data['name'],\n                                           data['surname'],\n                                           data['username'],\n                                           data['email'],\n                                           data['password'],\n                                           data['password'],\n                                           data['middle_name'])\n\ndata       = {'confirm_password': 'Lindsey Lyons', 'email': 'oolsen@hotmail.com', 'middle_name': 'Stephen Lopez', 'name': 'Jesus Davis', ...}\nlink_name  = <NavbarLinksNames.WIRESHARK_NEWS: (7,)>\nmain_page  = <ui.pages.main_page.MainPage object at 0x7f12ff9d39a0>\nregister_page = <ui.pages.register_page.RegisterPage object at 0x7f12ff7bc6d0>\nself       = <ui.tests.main_page_tests.TestMainPage object at 0x7f12ff9c5490>\n\ntmp/code/ui/tests/main_page_tests.py:105: \n_ _ _ _ _ _ _ _ _ _ _ _ _ _ _ _ _ _ _ _ _ _ _ _ _ _ _ _ _ _ _ _ _ _ _ _ _ _ _ _ \ntmp/code/ui/pages/register_page.py:16: in register\n    self.find(RegisterPageLocators.NAME_INPUT).send_keys(name)\n        confirm_password = 'Lindsey Lyons'\n        email      = 'oolsen@hotmail.com'\n        middle_name = 'Stephen Lopez'\n        name       = 'Jesus Davis'\n        password   = 'Lindsey Lyons'\n        self       = <ui.pages.register_page.RegisterPage object at 0x7f12ff7bc6d0>\n        surname    = 'aaaaaaaaaaaaaaaaaaaaaaaaaaaaaaaaaaaaaaaaaaaaaaaaaaaaaaaaaaaaaaaaaaaaaaaaaaaaaaaaaaaaaaaaaaaaaaaaaaaaaaaaaaaaaaaaaaaaa...aaaaaaaaaaaaaaaaaaaaaaaaaaaaaaaaaaaaaaaaaaaaaaaaaaaaaaaaaaaaaaaaaaaaaaaaaaaaaaaaaaaaaaaaaaaaaaaaaaaaaaaaaaaaaaaaaaaaaa'\n        username   = 'Mary Wilkinson P'\ntmp/code/ui/pages/base_page.py:36: in find\n    return self.wait(timeout).until(EC.presence_of_element_located(locator))\n        locator    = ('css selector', '#user_name')\n        self       = <ui.pages.register_page.RegisterPage object at 0x7f12ff7bc6d0>\n        timeout    = 15\n_ _ _ _ _ _ _ _ _ _ _ _ _ _ _ _ _ _ _ _ _ _ _ _ _ _ _ _ _ _ _ _ _ _ _ _ _ _ _ _ \n\nself = <selenium.webdriver.support.wait.WebDriverWait (session=\"8312e598f091505673c6881c17584680\")>\nmethod = <selenium.webdriver.support.expected_conditions.presence_of_element_located object at 0x7f12ff9d3520>\nmessage = ''\n\n    def until(self, method, message=''):\n        \"\"\"Calls the method provided with the driver as an argument until the \\\n        return value is not False.\"\"\"\n        screen = None\n        stacktrace = None\n    \n        end_time = time.time() + self._timeout\n        while True:\n            try:\n                value = method(self._driver)\n                if value:\n                    return value\n            except self._ignored_exceptions as exc:\n                screen = getattr(exc, 'screen', None)\n                stacktrace = getattr(exc, 'stacktrace', None)\n            time.sleep(self._poll)\n            if time.time() > end_time:\n                break\n>       raise TimeoutException(message, screen, stacktrace)\nE       selenium.common.exceptions.TimeoutException: Message:\n\nend_time   = 1653408045.7353787\nmessage    = ''\nmethod     = <selenium.webdriver.support.expected_conditions.presence_of_element_located object at 0x7f12ff9d3520>\nscreen     = None\nself       = <selenium.webdriver.support.wait.WebDriverWait (session=\"8312e598f091505673c6881c17584680\")>\nstacktrace = None\n\nusr/local/lib/python3.8/site-packages/selenium/webdriver/support/wait.py:80: TimeoutException"}, "parameters": [{"name": "link_name", "value": "<NavbarLinksNames.WIRESHARK_NEWS: (7,)>"}], "start": 1653408030636, "stop": 1653408046272, "uuid": "b0b82e22-558c-48a1-aae6-386d485799ff", "historyId": "5826744e7d9ac39e54eae08598ca6faa", "testCaseId": "a429ad0d1f600990dad6f41f4f26f5da", "fullName": "main_page_tests.TestMainPage#test_go_navbar_link_bug", "labels": [{"name": "epic", "value": "UI tests"}, {"name": "tag", "value": "nologin"}, {"name": "tag", "value": "@pytest.mark.xfail"}, {"name": "suite", "value": "main_page_tests"}, {"name": "subSuite", "value": "TestMainPage"}, {"name": "host", "value": "66d91c8b37d9"}, {"name": "thread", "value": "17-MainThread"}, {"name": "framework", "value": "pytest"}, {"name": "language", "value": "cpython3"}, {"name": "package", "value": "main_page_tests"}]}