{"name": "Go navbar link bug", "status": "skipped", "statusDetails": {"message": "XFAIL\n\nselenium.common.exceptions.TimeoutException: Message:", "trace": "self = <ui.tests.main_page_tests.TestMainPage object at 0x7f9ca1df5130>\nregister_page = <ui.pages.register_page.RegisterPage object at 0x7f9ca1d8fa90>\nmain_page = <ui.pages.main_page.MainPage object at 0x7f9ca1d8fa30>\nlink_name = <NavbarLinksNames.PYTHON_HISTORY: (4,)>\n\n    @allure.epic('UI tests')\n    @allure.title('Go navbar link bug')\n    @pytest.mark.nologin\n    @pytest.mark.xfail\n    @pytest.mark.parametrize(\"link_name\", [\n        NavbarLinksNames.PYTHON_HISTORY,\n        NavbarLinksNames.FLASK,\n        NavbarLinksNames.CENTOS,\n        NavbarLinksNames.WIRESHARK_NEWS,\n        NavbarLinksNames.WIRESHARK_DOWNLOAD,\n        NavbarLinksNames.TCPDUMP_EXAMPLES])\n    def test_go_navbar_link_bug(self, register_page, main_page, link_name):\n        data = register_page.fake_invalid_user_data(surname='a' * 255)\n>       main_page = register_page.register(data['name'],\n                                           data['surname'],\n                                           data['username'],\n                                           data['email'],\n                                           data['password'],\n                                           data['password'],\n                                           data['middle_name'])\n\ndata       = {'confirm_password': 'Erica Mendez', 'email': 'robertscarrie@kim.info', 'middle_name': 'Alicia Boyd', 'name': 'Timothy Sutton', ...}\nlink_name  = <NavbarLinksNames.PYTHON_HISTORY: (4,)>\nmain_page  = <ui.pages.main_page.MainPage object at 0x7f9ca1d8fa30>\nregister_page = <ui.pages.register_page.RegisterPage object at 0x7f9ca1d8fa90>\nself       = <ui.tests.main_page_tests.TestMainPage object at 0x7f9ca1df5130>\n\ntmp/code/ui/tests/main_page_tests.py:105: \n_ _ _ _ _ _ _ _ _ _ _ _ _ _ _ _ _ _ _ _ _ _ _ _ _ _ _ _ _ _ _ _ _ _ _ _ _ _ _ _ \ntmp/code/ui/pages/register_page.py:16: in register\n    self.find(RegisterPageLocators.NAME_INPUT).send_keys(name)\n        confirm_password = 'Erica Mendez'\n        email      = 'robertscarrie@kim.info'\n        middle_name = 'Alicia Boyd'\n        name       = 'Timothy Sutton'\n        password   = 'Erica Mendez'\n        self       = <ui.pages.register_page.RegisterPage object at 0x7f9ca1d8fa90>\n        surname    = 'aaaaaaaaaaaaaaaaaaaaaaaaaaaaaaaaaaaaaaaaaaaaaaaaaaaaaaaaaaaaaaaaaaaaaaaaaaaaaaaaaaaaaaaaaaaaaaaaaaaaaaaaaaaaaaaaaaaaa...aaaaaaaaaaaaaaaaaaaaaaaaaaaaaaaaaaaaaaaaaaaaaaaaaaaaaaaaaaaaaaaaaaaaaaaaaaaaaaaaaaaaaaaaaaaaaaaaaaaaaaaaaaaaaaaaaaaaaa'\n        username   = 'Lisa Mcgee'\ntmp/code/ui/pages/base_page.py:36: in find\n    return self.wait(timeout).until(EC.presence_of_element_located(locator))\n        locator    = ('css selector', '#user_name')\n        self       = <ui.pages.register_page.RegisterPage object at 0x7f9ca1d8fa90>\n        timeout    = 15\n_ _ _ _ _ _ _ _ _ _ _ _ _ _ _ _ _ _ _ _ _ _ _ _ _ _ _ _ _ _ _ _ _ _ _ _ _ _ _ _ \n\nself = <selenium.webdriver.support.wait.WebDriverWait (session=\"feed034db824d05bdb62820a3df53eb5\")>\nmethod = <selenium.webdriver.support.expected_conditions.presence_of_element_located object at 0x7f9ca1dfe070>\nmessage = ''\n\n    def until(self, method, message=''):\n        \"\"\"Calls the method provided with the driver as an argument until the \\\n        return value is not False.\"\"\"\n        screen = None\n        stacktrace = None\n    \n        end_time = time.time() + self._timeout\n        while True:\n            try:\n                value = method(self._driver)\n                if value:\n                    return value\n            except self._ignored_exceptions as exc:\n                screen = getattr(exc, 'screen', None)\n                stacktrace = getattr(exc, 'stacktrace', None)\n            time.sleep(self._poll)\n            if time.time() > end_time:\n                break\n>       raise TimeoutException(message, screen, stacktrace)\nE       selenium.common.exceptions.TimeoutException: Message:\n\nend_time   = 1653408079.389893\nmessage    = ''\nmethod     = <selenium.webdriver.support.expected_conditions.presence_of_element_located object at 0x7f9ca1dfe070>\nscreen     = None\nself       = <selenium.webdriver.support.wait.WebDriverWait (session=\"feed034db824d05bdb62820a3df53eb5\")>\nstacktrace = None\n\nusr/local/lib/python3.8/site-packages/selenium/webdriver/support/wait.py:80: TimeoutException"}, "parameters": [{"name": "link_name", "value": "<NavbarLinksNames.PYTHON_HISTORY: (4,)>"}], "start": 1653408064306, "stop": 1653408079948, "uuid": "6ece0835-de4d-40d7-b738-45264c94ce22", "historyId": "802e2cbd11b72fbe063aca0373410ccb", "testCaseId": "a429ad0d1f600990dad6f41f4f26f5da", "fullName": "main_page_tests.TestMainPage#test_go_navbar_link_bug", "labels": [{"name": "epic", "value": "UI tests"}, {"name": "tag", "value": "nologin"}, {"name": "tag", "value": "@pytest.mark.xfail"}, {"name": "suite", "value": "main_page_tests"}, {"name": "subSuite", "value": "TestMainPage"}, {"name": "host", "value": "66d91c8b37d9"}, {"name": "thread", "value": "13-MainThread"}, {"name": "framework", "value": "pytest"}, {"name": "language", "value": "cpython3"}, {"name": "package", "value": "main_page_tests"}]}